Trying to update Hoo0oper(#GUL2Y08J)
<Response [200]>
{"error": "Duplicates were attempted to enter the db", "nInserted": 0}
Trying to update Tobotic(#202YCVVQR)
<Response [200]>
{"error": "Duplicates were attempted to enter the db", "nInserted": 0}
Trying to update IgorRylit(#2VL8YVRVG)
<Response [200]>
{"error": "Duplicates were attempted to enter the db", "nInserted": 0}
Trying to update Opeii107(#28L00QYCV)
<Response [200]>
{"error": "Duplicates were attempted to enter the db", "nInserted": 0}
Trying to update FEARLESS4(#88RLQ8V8)
<Response [200]>
{"error": "Duplicates were attempted to enter the db", "nInserted": 0}
Trying to update GX Matteo(#8UULPJ90J)
<Response [200]>
{"error": "Duplicates were attempted to enter the db", "nInserted": 0}
Trying to update starcrafter(#9G22Q29QC)
<Response [200]>
{"error": "Duplicates were attempted to enter the db", "nInserted": 0}
Trying to update edu(#PYLLRUR2)
<Response [200]>
{"error": "Duplicates were attempted to enter the db", "nInserted": 0}
Trying to update chuse(#PR0JUUL8)
<Response [200]>
{"error": "Duplicates were attempted to enter the db", "nInserted": 0}
Trying to update Maïlys(#2RQ90QYY8)
<Response [200]>
{"error": "Duplicates were attempted to enter the db", "nInserted": 0}
06:42 17-05-2020Trying to update Hoo0oper(#GUL2Y08J)
<Response [200]>
{"error": "Duplicates were attempted to enter the db", "nInserted": 15}
Trying to update Tobotic(#202YCVVQR)
<Response [200]>
{"error": "Duplicates were attempted to enter the db", "nInserted": 3}
Trying to update IgorRylit(#2VL8YVRVG)
<Response [200]>
["20200517T190335.000Z", "20200517T130455.000Z", "20200517T130233.000Z", "20200517T130106.000Z", "20200517T125907.000Z", "20200517T125718.000Z", "20200517T120726.000Z", "20200517T120505.000Z", "20200517T120315.000Z", "20200517T082332.000Z", "20200517T082102.000Z", "20200517T081803.000Z", "20200517T081221.000Z", "20200517T080841.000Z", "20200517T064253.000Z", "20200517T064049.000Z", "20200517T063857.000Z", "20200517T063601.000Z", "20200517T063413.000Z", "20200517T063248.000Z", "20200517T062621.000Z", "20200517T062533.000Z", "20200517T062328.000Z", "20200517T062127.000Z", "20200517T061933.000Z"]
Trying to update Opeii107(#28L00QYCV)
<Response [200]>
["20200517T193426.000Z", "20200517T193311.000Z", "20200517T193233.000Z", "20200517T193156.000Z", "20200517T192944.000Z", "20200517T192801.000Z", "20200517T192656.000Z", "20200517T192554.000Z", "20200517T192503.000Z", "20200517T192331.000Z", "20200517T192121.000Z", "20200517T191839.000Z", "20200517T191630.000Z", "20200517T191413.000Z", "20200517T191151.000Z", "20200517T190925.000Z", "20200517T190717.000Z", "20200517T190423.000Z", "20200517T190058.000Z", "20200517T185831.000Z", "20200517T185556.000Z", "20200517T185230.000Z", "20200517T185030.000Z", "20200517T184809.000Z", "20200517T184537.000Z"]
Trying to update FEARLESS4(#88RLQ8V8)
<Response [200]>
{"error": "Duplicates were attempted to enter the db", "nInserted": 19}
Trying to update GX Matteo(#8UULPJ90J)
<Response [200]>
{"error": "Duplicates were attempted to enter the db", "nInserted": 6}
Trying to update starcrafter(#9G22Q29QC)
<Response [200]>
["20200517T135849.000Z", "20200517T135537.000Z", "20200517T135308.000Z", "20200517T135047.000Z", "20200517T135020.000Z", "20200517T134910.000Z", "20200517T134610.000Z", "20200517T134400.000Z", "20200517T125505.000Z", "20200517T125313.000Z", "20200517T125217.000Z", "20200517T125010.000Z", "20200517T124850.000Z", "20200517T124658.000Z", "20200517T075339.000Z", "20200517T075148.000Z", "20200517T075103.000Z", "20200517T072557.000Z", "20200517T072350.000Z", "20200517T072246.000Z", "20200517T072026.000Z", "20200517T071812.000Z", "20200517T071808.000Z", "20200517T071748.000Z", "20200517T071302.000Z"]
Trying to update edu(#PYLLRUR2)
<Response [200]>
{"error": "Duplicates were attempted to enter the db", "nInserted": 13}
Trying to update chuse(#PR0JUUL8)
<Response [200]>
["20200517T195450.000Z", "20200517T195227.000Z", "20200517T195135.000Z", "20200517T194807.000Z", "20200517T180122.000Z", "20200517T180029.000Z", "20200517T175800.000Z", "20200517T175553.000Z", "20200517T175432.000Z", "20200517T175219.000Z", "20200517T175007.000Z", "20200517T174800.000Z", "20200517T174645.000Z", "20200517T174357.000Z", "20200517T171058.000Z", "20200517T155325.000Z", "20200517T155030.000Z", "20200517T114519.000Z", "20200517T114306.000Z", "20200517T114122.000Z", "20200517T113940.000Z", "20200517T113824.000Z", "20200517T113700.000Z", "20200517T113529.000Z", "20200517T113414.000Z"]
Trying to update Maïlys(#2RQ90QYY8)
<Response [200]>
["20200517T170407.000Z", "20200517T170124.000Z", "20200517T165912.000Z", "20200517T165702.000Z", "20200517T165549.000Z", "20200517T165321.000Z", "20200517T165038.000Z", "20200517T164955.000Z", "20200517T164752.000Z", "20200517T164611.000Z", "20200517T164256.000Z", "20200517T164005.000Z", "20200517T163733.000Z", "20200517T163345.000Z", "20200517T163137.000Z", "20200517T162859.000Z", "20200517T162612.000Z", "20200517T162313.000Z", "20200517T162114.000Z", "20200517T161850.000Z", "20200517T161558.000Z", "20200517T082717.000Z", "20200517T082432.000Z", "20200517T082205.000Z", "20200517T081916.000Z"]
Trying to update Hoo0oper(#GUL2Y08J)
<Response [200]>
{"error": "Duplicates were attempted to enter the db", "nInserted": 0}
Trying to update Tobotic(#202YCVVQR)
<Response [200]>
{"error": "Duplicates were attempted to enter the db", "nInserted": 0}
Trying to update IgorRylit(#2VL8YVRVG)
<Response [200]>
{"error": "Duplicates were attempted to enter the db", "nInserted": 0}
Trying to update Opeii107(#28L00QYCV)
<Response [200]>
{"error": "Duplicates were attempted to enter the db", "nInserted": 0}
Trying to update FEARLESS4(#88RLQ8V8)
<Response [200]>
{"error": "Duplicates were attempted to enter the db", "nInserted": 0}
Trying to update GX Matteo(#8UULPJ90J)
<Response [200]>
{"error": "Duplicates were attempted to enter the db", "nInserted": 0}
Trying to update starcrafter(#9G22Q29QC)
<Response [200]>
{"error": "Duplicates were attempted to enter the db", "nInserted": 0}
Trying to update edu(#PYLLRUR2)
<Response [200]>
{"error": "Duplicates were attempted to enter the db", "nInserted": 0}
Trying to update chuse(#PR0JUUL8)
<Response [200]>
{"error": "Duplicates were attempted to enter the db", "nInserted": 0}
Trying to update Maïlys(#2RQ90QYY8)
<Response [200]>
{"error": "Duplicates were attempted to enter the db", "nInserted": 0}
Trying to update Hoo0oper(#GUL2Y08J)
<Response [200]>
{"error": "Duplicates were attempted to enter the db", "nInserted": 0}
Trying to update Tobotic(#202YCVVQR)
<Response [200]>
{"error": "Duplicates were attempted to enter the db", "nInserted": 0}
Trying to update IgorRylit(#2VL8YVRVG)
<Response [200]>
{"error": "Duplicates were attempted to enter the db", "nInserted": 0}
Trying to update Opeii107(#28L00QYCV)
<Response [200]>
{"error": "Duplicates were attempted to enter the db", "nInserted": 0}
Trying to update FEARLESS4(#88RLQ8V8)
<Response [200]>
{"error": "Duplicates were attempted to enter the db", "nInserted": 0}
Trying to update GX Matteo(#8UULPJ90J)
<Response [200]>
{"error": "Duplicates were attempted to enter the db", "nInserted": 0}
Trying to update starcrafter(#9G22Q29QC)
<Response [200]>
{"error": "Duplicates were attempted to enter the db", "nInserted": 0}
Trying to update edu(#PYLLRUR2)
<Response [200]>
{"error": "Duplicates were attempted to enter the db", "nInserted": 0}
Trying to update chuse(#PR0JUUL8)
<Response [200]>
{"error": "Duplicates were attempted to enter the db", "nInserted": 0}
Trying to update Maïlys(#2RQ90QYY8)
<Response [200]>
{"error": "Duplicates were attempted to enter the db", "nInserted": 0}
Trying to update Hoo0oper(#GUL2Y08J)
<Response [200]>
{"error": "Duplicates were attempted to enter the db", "nInserted": 7}
Trying to update Tobotic(#202YCVVQR)
<Response [200]>
{"error": "Duplicates were attempted to enter the db", "nInserted": 8}
Trying to update IgorRylit(#2VL8YVRVG)
<Response [200]>
{"error": "Duplicates were attempted to enter the db", "nInserted": 0}
Trying to update Opeii107(#28L00QYCV)
<Response [200]>
{"error": "Duplicates were attempted to enter the db", "nInserted": 0}
Trying to update FEARLESS4(#88RLQ8V8)
<Response [200]>
{"error": "Duplicates were attempted to enter the db", "nInserted": 0}
Trying to update GX Matteo(#8UULPJ90J)
<Response [200]>
{"error": "Duplicates were attempted to enter the db", "nInserted": 0}
Trying to update starcrafter(#9G22Q29QC)
<Response [200]>
{"error": "Duplicates were attempted to enter the db", "nInserted": 2}
Trying to update edu(#PYLLRUR2)
<Response [200]>
{"error": "Duplicates were attempted to enter the db", "nInserted": 0}
Trying to update chuse(#PR0JUUL8)
<Response [200]>
{"error": "Duplicates were attempted to enter the db", "nInserted": 0}
Trying to update Maïlys(#2RQ90QYY8)
<Response [200]>
{"error": "Duplicates were attempted to enter the db", "nInserted": 0}
Trying to update Hoo0oper(#GUL2Y08J)
<Response [200]>
{"error": "Duplicates were attempted to enter the db", "nInserted": 0}
Trying to update Tobotic(#202YCVVQR)
<Response [200]>
{"error": "Duplicates were attempted to enter the db", "nInserted": 0}
Trying to update IgorRylit(#2VL8YVRVG)
<Response [200]>
{"error": "Duplicates were attempted to enter the db", "nInserted": 0}
Trying to update Opeii107(#28L00QYCV)
<Response [429]>
Trying to update Hoo0oper(#GUL2Y08J)
<Response [200]>
{"error": "Duplicates were attempted to enter the db", "nInserted": 0}
Trying to update Tobotic(#202YCVVQR)
<Response [200]>
{"error": "Duplicates were attempted to enter the db", "nInserted": 0}
Trying to update IgorRylit(#2VL8YVRVG)
<Response [200]>
{"error": "Duplicates were attempted to enter the db", "nInserted": 0}
Trying to update Opeii107(#28L00QYCV)
<Response [200]>
{"error": "Duplicates were attempted to enter the db", "nInserted": 0}
Trying to update FEARLESS4(#88RLQ8V8)
<Response [200]>
{"error": "Duplicates were attempted to enter the db", "nInserted": 7}
Trying to update GX Matteo(#8UULPJ90J)
<Response [200]>
{"error": "Duplicates were attempted to enter the db", "nInserted": 0}
Trying to update starcrafter(#9G22Q29QC)
<Response [200]>
{"error": "Duplicates were attempted to enter the db", "nInserted": 0}
Trying to update edu(#PYLLRUR2)
<Response [200]>
{"error": "Duplicates were attempted to enter the db", "nInserted": 0}
Trying to update chuse(#PR0JUUL8)
<Response [200]>
{"error": "Duplicates were attempted to enter the db", "nInserted": 9}
Trying to update Maïlys(#2RQ90QYY8)
<Response [200]>
{"error": "Duplicates were attempted to enter the db", "nInserted": 8}
Trying to update Hoo0oper(#GUL2Y08J)
<Response [200]>
{"error": "Duplicates were attempted to enter the db", "nInserted": 0}
Trying to update Tobotic(#202YCVVQR)
<Response [200]>
{"error": "Duplicates were attempted to enter the db", "nInserted": 0}
Trying to update IgorRylit(#2VL8YVRVG)
<Response [200]>
{"error": "Duplicates were attempted to enter the db", "nInserted": 0}
Trying to update Opeii107(#28L00QYCV)
<Response [200]>
{"error": "Duplicates were attempted to enter the db", "nInserted": 0}
Trying to update FEARLESS4(#88RLQ8V8)
<Response [200]>
{"error": "Duplicates were attempted to enter the db", "nInserted": 0}
Trying to update GX Matteo(#8UULPJ90J)
<Response [200]>
{"error": "Duplicates were attempted to enter the db", "nInserted": 0}
Trying to update starcrafter(#9G22Q29QC)
<Response [200]>
{"error": "Duplicates were attempted to enter the db", "nInserted": 6}
Trying to update edu(#PYLLRUR2)
<Response [200]>
{"error": "Duplicates were attempted to enter the db", "nInserted": 0}
Trying to update chuse(#PR0JUUL8)
<Response [200]>
{"error": "Duplicates were attempted to enter the db", "nInserted": 3}
Trying to update Maïlys(#2RQ90QYY8)
<Response [200]>
{"error": "Duplicates were attempted to enter the db", "nInserted": 0}
Trying to update Hoo0oper(#GUL2Y08J)
<Response [200]>
{"error": "Duplicates were attempted to enter the db", "nInserted": 0}
Trying to update Tobotic(#202YCVVQR)
<Response [200]>
{"error": "Duplicates were attempted to enter the db", "nInserted": 0}
Trying to update IgorRylit(#2VL8YVRVG)
<Response [200]>
{"error": "Duplicates were attempted to enter the db", "nInserted": 0}
Trying to update Opeii107(#28L00QYCV)
<Response [200]>
{"error": "Duplicates were attempted to enter the db", "nInserted": 22}
Trying to update FEARLESS4(#88RLQ8V8)
<Response [200]>
{"error": "Duplicates were attempted to enter the db", "nInserted": 0}
Trying to update GX Matteo(#8UULPJ90J)
<Response [200]>
{"error": "Duplicates were attempted to enter the db", "nInserted": 0}
Trying to update starcrafter(#9G22Q29QC)
<Response [200]>
{"error": "Duplicates were attempted to enter the db", "nInserted": 0}
Trying to update edu(#PYLLRUR2)
<Response [200]>
{"error": "Duplicates were attempted to enter the db", "nInserted": 0}
Trying to update chuse(#PR0JUUL8)
<Response [200]>
{"error": "Duplicates were attempted to enter the db", "nInserted": 0}
Trying to update Maïlys(#2RQ90QYY8)
<Response [200]>
{"error": "Duplicates were attempted to enter the db", "nInserted": 15}
Trying to update Hoo0oper(#GUL2Y08J)
<Response [200]>
{"error": "Duplicates were attempted to enter the db", "nInserted": 0}
Trying to update Tobotic(#202YCVVQR)
<Response [200]>
{"error": "Duplicates were attempted to enter the db", "nInserted": 0}
Trying to update IgorRylit(#2VL8YVRVG)
<Response [200]>
{"error": "Duplicates were attempted to enter the db", "nInserted": 0}
Trying to update Opeii107(#28L00QYCV)
<Response [200]>
{"error": "Duplicates were attempted to enter the db", "nInserted": 7}
Trying to update FEARLESS4(#88RLQ8V8)
<Response [200]>
{"error": "Duplicates were attempted to enter the db", "nInserted": 8}
Trying to update GX Matteo(#8UULPJ90J)
<Response [200]>
{"error": "Duplicates were attempted to enter the db", "nInserted": 0}
Trying to update starcrafter(#9G22Q29QC)
<Response [200]>
{"error": "Duplicates were attempted to enter the db", "nInserted": 8}
Trying to update edu(#PYLLRUR2)
<Response [200]>
{"error": "Duplicates were attempted to enter the db", "nInserted": 0}
Trying to update chuse(#PR0JUUL8)
<Response [200]>
{"error": "Duplicates were attempted to enter the db", "nInserted": 3}
Trying to update Maïlys(#2RQ90QYY8)
<Response [200]>
{"error": "Duplicates were attempted to enter the db", "nInserted": 3}
Trying to update Hoo0oper(#GUL2Y08J)
<Response [200]>
{"error": "Duplicates were attempted to enter the db", "nInserted": 3}
Trying to update Tobotic(#202YCVVQR)
<Response [200]>
{"error": "Duplicates were attempted to enter the db", "nInserted": 0}
Trying to update IgorRylit(#2VL8YVRVG)
<Response [200]>
{"error": "Duplicates were attempted to enter the db", "nInserted": 0}
Trying to update Opeii107(#28L00QYCV)
<Response [200]>
{"error": "Duplicates were attempted to enter the db", "nInserted": 0}
Trying to update FEARLESS4(#88RLQ8V8)
<Response [200]>
{"error": "Duplicates were attempted to enter the db", "nInserted": 0}
Trying to update GX Matteo(#8UULPJ90J)
<Response [200]>
{"error": "Duplicates were attempted to enter the db", "nInserted": 0}
Trying to update starcrafter(#9G22Q29QC)
<Response [200]>
{"error": "Duplicates were attempted to enter the db", "nInserted": 0}
Trying to update edu(#PYLLRUR2)
<Response [200]>
{"error": "Duplicates were attempted to enter the db", "nInserted": 0}
Trying to update chuse(#PR0JUUL8)
<Response [200]>
{"error": "Duplicates were attempted to enter the db", "nInserted": 0}
Trying to update Maïlys(#2RQ90QYY8)
<Response [200]>
{"error": "Duplicates were attempted to enter the db", "nInserted": 0}
Trying to update Hoo0oper(#GUL2Y08J)
<Response [200]>
{"error": "Duplicates were attempted to enter the db", "nInserted": 1}
Trying to update Tobotic(#202YCVVQR)
<Response [200]>
{"error": "Duplicates were attempted to enter the db", "nInserted": 0}
Trying to update IgorRylit(#2VL8YVRVG)
<Response [200]>
{"error": "Duplicates were attempted to enter the db", "nInserted": 0}
Trying to update Opeii107(#28L00QYCV)
<Response [200]>
{"error": "Duplicates were attempted to enter the db", "nInserted": 0}
Trying to update FEARLESS4(#88RLQ8V8)
<Response [200]>
{"error": "Duplicates were attempted to enter the db", "nInserted": 0}
Trying to update GX Matteo(#8UULPJ90J)
<Response [200]>
{"error": "Duplicates were attempted to enter the db", "nInserted": 0}
Trying to update starcrafter(#9G22Q29QC)
<Response [200]>
{"error": "Duplicates were attempted to enter the db", "nInserted": 0}
Trying to update edu(#PYLLRUR2)
<Response [200]>
{"error": "Duplicates were attempted to enter the db", "nInserted": 0}
Trying to update chuse(#PR0JUUL8)
<Response [200]>
{"error": "Duplicates were attempted to enter the db", "nInserted": 0}
Trying to update Maïlys(#2RQ90QYY8)
<Response [200]>
{"error": "Duplicates were attempted to enter the db", "nInserted": 0}
Trying to update Hoo0oper(#GUL2Y08J)
<Response [200]>
{"error": "Duplicates were attempted to enter the db", "nInserted": 0}
Trying to update Tobotic(#202YCVVQR)
<Response [200]>
{"error": "Duplicates were attempted to enter the db", "nInserted": 0}
Trying to update IgorRylit(#2VL8YVRVG)
<Response [200]>
{"error": "Duplicates were attempted to enter the db", "nInserted": 0}
Trying to update Opeii107(#28L00QYCV)
<Response [200]>
{"error": "Duplicates were attempted to enter the db", "nInserted": 0}
Trying to update FEARLESS4(#88RLQ8V8)
<Response [200]>
{"error": "Duplicates were attempted to enter the db", "nInserted": 0}
Trying to update GX Matteo(#8UULPJ90J)
<Response [200]>
{"error": "Duplicates were attempted to enter the db", "nInserted": 0}
Trying to update starcrafter(#9G22Q29QC)
<Response [200]>
{"error": "Duplicates were attempted to enter the db", "nInserted": 10}
Trying to update edu(#PYLLRUR2)
<Response [200]>
{"error": "Duplicates were attempted to enter the db", "nInserted": 0}
Trying to update chuse(#PR0JUUL8)
<Response [200]>
{"error": "Duplicates were attempted to enter the db", "nInserted": 0}
Trying to update Maïlys(#2RQ90QYY8)
<Response [200]>
{"error": "Duplicates were attempted to enter the db", "nInserted": 0}
Trying to update Hoo0oper(#GUL2Y08J)
<Response [200]>
{"error": "Duplicates were attempted to enter the db", "nInserted": 13}
Trying to update Tobotic(#202YCVVQR)
<Response [200]>
{"error": "Duplicates were attempted to enter the db", "nInserted": 0}
Trying to update IgorRylit(#2VL8YVRVG)
<Response [200]>
{"error": "Duplicates were attempted to enter the db", "nInserted": 0}
Trying to update Opeii107(#28L00QYCV)
<Response [200]>
{"error": "Duplicates were attempted to enter the db", "nInserted": 0}
Trying to update FEARLESS4(#88RLQ8V8)
<Response [200]>
{"error": "Duplicates were attempted to enter the db", "nInserted": 0}
Trying to update GX Matteo(#8UULPJ90J)
<Response [200]>
{"error": "Duplicates were attempted to enter the db", "nInserted": 0}
Trying to update starcrafter(#9G22Q29QC)
<Response [200]>
{"error": "Duplicates were attempted to enter the db", "nInserted": 6}
Trying to update edu(#PYLLRUR2)
<Response [200]>
{"error": "Duplicates were attempted to enter the db", "nInserted": 0}
Trying to update chuse(#PR0JUUL8)
<Response [200]>
{"error": "Duplicates were attempted to enter the db", "nInserted": 0}
Trying to update Maïlys(#2RQ90QYY8)
<Response [200]>
{"error": "Duplicates were attempted to enter the db", "nInserted": 0}
